SF:lib/app/app.dart
DA:11,2
DA:13,0
DA:15,1
DA:17,1
DA:18,1
DA:19,2
DA:20,2
LF:7
LH:6
end_of_record
SF:lib/app/services/backend_service.dart
DA:7,1
DA:13,0
DA:14,0
DA:16,0
DA:20,0
DA:21,0
LF:6
LH:1
end_of_record
SF:lib/home/cubit/data_state.dart
DA:8,0
DA:11,0
DA:14,0
DA:17,0
LF:4
LH:0
end_of_record
SF:lib/home/cubit/data_cubit.dart
DA:12,2
DA:16,0
DA:17,0
DA:18,0
DA:20,0
DA:21,0
DA:23,0
DA:28,0
DA:29,0
DA:30,0
DA:32,0
DA:34,0
LF:12
LH:1
end_of_record
SF:lib/home/screens/home_screen.dart
DA:9,1
DA:11,1
DA:13,1
DA:14,1
DA:18,1
DA:19,0
LF:6
LH:5
end_of_record
SF:lib/main.dart
DA:6,3
DA:7,1
DA:11,0
DA:13,0
DA:14,0
LF:5
LH:2
end_of_record
SF:lib/app/models/data/data.dart
DA:11,0
DA:17,0
LF:2
LH:0
end_of_record
SF:lib/app/models/data/data.g.dart
DA:9,0
DA:10,0
DA:11,0
DA:14,0
DA:15,0
DA:16,0
LF:6
LH:0
end_of_record
SF:lib/home/widgets/home_body.dart
DA:9,1
DA:11,1
DA:13,1
DA:15,1
DA:16,1
DA:17,1
DA:18,1
DA:21,0
DA:24,0
DA:25,0
DA:26,0
DA:28,0
DA:29,0
DA:30,0
DA:35,0
DA:36,0
DA:37,0
DA:46,0
DA:47,0
DA:48,0
LF:20
LH:7
end_of_record
