SF:lib/home/cubit/data_state.dart
DA:8,0
DA:11,0
DA:14,0
DA:17,0
LF:4
LH:0
end_of_record
SF:lib/home/cubit/data_cubit.dart
DA:12,4
DA:16,1
DA:17,2
DA:18,1
DA:20,3
DA:21,2
DA:23,0
DA:28,0
DA:29,0
DA:30,0
DA:32,0
DA:34,0
LF:12
LH:6
end_of_record
SF:lib/app/models/data/data.dart
DA:11,0
DA:17,2
LF:2
LH:1
end_of_record
SF:lib/app/models/data/data.g.dart
DA:9,2
DA:10,1
DA:11,1
DA:14,2
DA:15,1
DA:16,1
LF:6
LH:6
end_of_record
SF:lib/app/services/backend_service.dart
DA:7,1
DA:13,0
DA:14,0
DA:16,0
DA:20,0
DA:21,0
LF:6
LH:1
end_of_record
SF:lib/home/screens/home_screen.dart
DA:9,2
DA:11,2
DA:13,2
DA:14,2
DA:18,2
DA:19,3
LF:6
LH:6
end_of_record
SF:lib/home/widgets/home_body.dart
DA:9,4
DA:11,2
DA:13,2
DA:15,2
DA:16,2
DA:17,2
DA:18,2
DA:21,0
DA:24,1
DA:25,1
DA:31,0
DA:32,0
DA:33,0
LF:13
LH:9
end_of_record
SF:lib/home/widgets/data_content.dart
DA:8,1
DA:11,1
DA:15,1
DA:17,1
DA:18,1
DA:20,1
DA:21,1
DA:22,3
DA:27,2
DA:28,2
LF:10
LH:10
end_of_record
SF:lib/app/app.dart
DA:12,1
DA:14,0
DA:16,1
DA:19,1
DA:20,1
DA:26,3
DA:28,1
DA:29,1
DA:30,2
DA:31,1
LF:10
LH:9
end_of_record
